[debug] [2024-07-26T11:03:07.940Z] ----------------------------------------------------------------------
[debug] [2024-07-26T11:03:07.953Z] Command:       C:\Program Files\nodejs\node.exe C:\Users\satya\AppData\Roaming\npm\node_modules\firebase-tools\lib\bin\firebase.js init
[debug] [2024-07-26T11:03:07.953Z] CLI Version:   13.11.2
[debug] [2024-07-26T11:03:07.954Z] Platform:      win32
[debug] [2024-07-26T11:03:07.954Z] Node Version:  v20.11.0
[debug] [2024-07-26T11:03:07.954Z] Time:          Fri Jul 26 2024 16:33:07 GMT+0530 (India Standard Time)
[debug] [2024-07-26T11:03:07.955Z] ----------------------------------------------------------------------
[debug] 
[debug] [2024-07-26T11:03:08.067Z] > command requires scopes: ["email","openid","https://www.googleapis.com/auth/cloudplatformprojects.readonly","https://www.googleapis.com/auth/firebase","https://www.googleapis.com/auth/cloud-platform"]
[debug] [2024-07-26T11:03:08.067Z] > authorizing via signed-in user (satyamsahu40678@gmail.com)
[info] 
     ######## #### ########  ######## ########     ###     ######  ########
     ##        ##  ##     ## ##       ##     ##  ##   ##  ##       ##
     ######    ##  ########  ######   ########  #########  ######  ######
     ##        ##  ##    ##  ##       ##     ## ##     ##       ## ##
     ##       #### ##     ## ######## ########  ##     ##  ######  ########

You're about to initialize a Firebase project in this directory:

  C:\Users\satya\OneDrive\Desktop\Projects\linkedin-clone

Before we get started, keep in mind:

  * You are initializing within an existing Firebase project directory

[info] 
=== Project Setup
[info] 
[info] First, let's associate this project directory with a Firebase project.
[info] You can create multiple project aliases by running firebase use --add, 
[info] but for now we'll just set up a default project.
[info] 
[debug] [2024-07-26T11:03:17.964Z] Using project from CLI flag: linkedin-clone-88d7b
[debug] [2024-07-26T11:03:17.968Z] >>> [apiv2][query] GET https://firebase.googleapis.com/v1beta1/projects/linkedin-clone-88d7b [none]
[debug] [2024-07-26T11:03:19.692Z] <<< [apiv2][status] GET https://firebase.googleapis.com/v1beta1/projects/linkedin-clone-88d7b 200
[debug] [2024-07-26T11:03:19.692Z] <<< [apiv2][body] GET https://firebase.googleapis.com/v1beta1/projects/linkedin-clone-88d7b {"projectId":"linkedin-clone-88d7b","projectNumber":"534770807407","displayName":"linkedin-clone","name":"projects/linkedin-clone-88d7b","resources":{"hostingSite":"linkedin-clone-88d7b","storageBucket":"linkedin-clone-88d7b.appspot.com","locationId":"us-central"},"state":"ACTIVE","etag":"1_41ba7bb3-dd42-4804-933d-6254d8e82d81"}
[info] i  Using project linkedin-clone-88d7b (linkedin-clone) 
[info] 
=== Hosting Setup
[debug] [2024-07-26T11:03:19.699Z] >>> [apiv2][query] GET https://firebase.googleapis.com/v1beta1/projects/linkedin-clone-88d7b [none]
[debug] [2024-07-26T11:03:20.327Z] <<< [apiv2][status] GET https://firebase.googleapis.com/v1beta1/projects/linkedin-clone-88d7b 200
[debug] [2024-07-26T11:03:20.328Z] <<< [apiv2][body] GET https://firebase.googleapis.com/v1beta1/projects/linkedin-clone-88d7b {"projectId":"linkedin-clone-88d7b","projectNumber":"534770807407","displayName":"linkedin-clone","name":"projects/linkedin-clone-88d7b","resources":{"hostingSite":"linkedin-clone-88d7b","storageBucket":"linkedin-clone-88d7b.appspot.com","locationId":"us-central"},"state":"ACTIVE","etag":"1_41ba7bb3-dd42-4804-933d-6254d8e82d81"}
[info] 
[info] Your public directory is the folder (relative to your project directory) that
[info] will contain Hosting assets to be uploaded with firebase deploy. If you
[info] have a build process for your assets, use your build's output directory.
[info] 
[info] i  Skipping write of public/404.html 
[debug] [2024-07-26T11:03:35.152Z] >>> [apiv2][query] GET https://www.gstatic.com/firebasejs/releases.json [none]
[debug] [2024-07-26T11:03:35.937Z] <<< [apiv2][status] GET https://www.gstatic.com/firebasejs/releases.json 200
[debug] [2024-07-26T11:03:35.938Z] <<< [apiv2][body] GET https://www.gstatic.com/firebasejs/releases.json {"current":{"version":"10.12.4","browserURL":"https://www.gstatic.com/firebasejs/10.12.4/firebase.js","packageURL":"https://www.gstatic.com/firebasejs/10.12.4/firebase.tgz"},"live":{"version":"10.12","browserURL":"https://www.gstatic.com/firebasejs/live/10.12/firebase.js","packageURL":"https://www.gstatic.com/firebasejs/live/10.12/firebase.tgz"},"components":{"analytics":"https://www.gstatic.com/firebasejs/10.12.4/firebase-analytics.js","app":"https://www.gstatic.com/firebasejs/10.12.4/firebase-app.js","app-check":"https://www.gstatic.com/firebasejs/10.12.4/firebase-app-check.js","auth":"https://www.gstatic.com/firebasejs/10.12.4/firebase-auth.js","auth/cordova":"https://www.gstatic.com/firebasejs/10.12.4/firebase-auth/cordova.js","auth/web-extension":"https://www.gstatic.com/firebasejs/10.12.4/firebase-auth/web-extension.js","functions":"https://www.gstatic.com/firebasejs/10.12.4/firebase-functions.js","firestore":"https://www.gstatic.com/firebasejs/10.12.4/firebase-firestore.js","firestore/lite":"https://www.gstatic.com/firebasejs/10.12.4/firebase-firestore/lite.js","installations":"https://www.gstatic.com/firebasejs/10.12.4/firebase-installations.js","storage":"https://www.gstatic.com/firebasejs/10.12.4/firebase-storage.js","performance":"https://www.gstatic.com/firebasejs/10.12.4/firebase-performance.js","remote-config":"https://www.gstatic.com/firebasejs/10.12.4/firebase-remote-config.js","messaging":"https://www.gstatic.com/firebasejs/10.12.4/firebase-messaging.js","messaging/sw":"https://www.gstatic.com/firebasejs/10.12.4/firebase-messaging/sw.js","database":"https://www.gstatic.com/firebasejs/10.12.4/firebase-database.js","vertexai-preview":"https://www.gstatic.com/firebasejs/10.12.4/firebase-vertexai-preview.js","firestore.memory":"https://www.gstatic.com/firebasejs/10.12.4/firebase-firestore.memory.js"}}
